android/custom_build/google_sign_in_android/intermediates/manifest_merge_blame_file/debug/processDebugManifest/manifest-merger-blame-debug-report.txt
1<?xml version="1.0" encoding="utf-8"?>
2<manifest xmlns:android="http://schemas.android.com/apk/res/android"
3    package="io.flutter.plugins.googlesignin" >
4
5    <uses-sdk android:minSdkVersion="19" />
6
7    <uses-permission android:name="android.permission.INTERNET" />
7-->src\main\AndroidManifest.xml:4:3-64
7-->src\main\AndroidManifest.xml:4:20-62
8
9</manifest>